#
# There is insufficient memory for the Java Runtime Environment to continue.
# Native memory allocation (malloc) failed to allocate 1048576 bytes for E in C:\jdk7u2_64p\jdk7u6\hotspot\src\share\vm\utilities/taskqueue.hpp
# Possible reasons:
#   The system is out of physical RAM or swap space
#   In 32 bit mode, the process size limit was hit
# Possible solutions:
#   Reduce memory load on the system
#   Increase physical memory or swap space
#   Check if swap backing store is full
#   Use 64 bit Java on a 64 bit OS
#   Decrease Java heap size (-Xmx/-Xms)
#   Decrease number of Java threads
#   Decrease Java thread stack sizes (-Xss)
#   Set larger code cache with -XX:ReservedCodeCacheSize=
# This output file may be truncated or incomplete.
#
#  Out of Memory Error (memory/allocation.inline.hpp:58), pid=6408, tid=16944
#
# JRE version: 7.0_06-b24
# Java VM: Java HotSpot(TM) 64-Bit Server VM (23.2-b09 mixed mode windows-amd64 compressed oops)
# Failed to write core dump. Minidumps are not enabled by default on client versions of Windows
#

---------------  T H R E A D  ---------------

Current thread (0x00000000000ec800):  JavaThread "Unknown thread" [_thread_in_vm, id=16944, stack(0x0000000002310000,0x0000000002410000)]

Stack: [0x0000000002310000,0x0000000002410000]

---------------  P R O C E S S  ---------------

Java Threads: ( => current thread )

Other Threads:

=>0x00000000000ec800 (exited) JavaThread "Unknown thread" [_thread_in_vm, id=16944, stack(0x0000000002310000,0x0000000002410000)]

VM state:not at safepoint (normal execution)

VM Mutex/Monitor currently owned by a thread: None

Heap
 PSYoungGen      total 18432K, used 316K [0x00000000eb6b0000, 0x00000000ecb40000, 0x0000000100000000)
  eden space 15808K, 2% used [0x00000000eb6b0000,0x00000000eb6ff110,0x00000000ec620000)
  from space 2624K, 0% used [0x00000000ec8b0000,0x00000000ec8b0000,0x00000000ecb40000)
  to   space 2624K, 0% used [0x00000000ec620000,0x00000000ec620000,0x00000000ec8b0000)
 ParOldGen       total 42176K, used 0K [0x00000000c2400000, 0x00000000c4d30000, 0x00000000eb6b0000)
  object space 42176K, 0% used [0x00000000c2400000,0x00000000c2400000,0x00000000c4d30000)
 PSPermGen       total 21248K, used 680K [0x00000000bd200000, 0x00000000be6c0000, 0x00000000c2400000)
  object space 21248K, 3% used [0x00000000bd200000,0x00000000bd2aa388,0x00000000be6c0000)

Card table byte_map: [0x0000000005410000,0x0000000005630000] byte_map_base: 0x0000000004e27000

Polling page: 0x0000000000130000

Code Cache  [0x0000000002410000, 0x0000000002680000, 0x0000000005410000)
 total_blobs=39 nmethods=0 adapters=20 free_code_cache=48889Kb largest_free_block=50062912

Compilation events (0 events):
No events

GC Heap History (0 events):
No events

Deoptimization events (0 events):
No events

Internal exceptions (0 events):
No events

Events (10 events):
Event: 0.024 loading class 0x00000000021b0bc0
Event: 0.024 loading class 0x00000000021b0bc0 done
Event: 0.024 loading class 0x00000000021b0c20
Event: 0.024 loading class 0x00000000021b0c20 done
Event: 0.024 loading class 0x00000000021b0c50
Event: 0.024 loading class 0x00000000021b0c50 done
Event: 0.025 loading class 0x00000000021721a0
Event: 0.025 loading class 0x00000000021721a0 done
Event: 0.025 loading class 0x0000000002171d60
Event: 0.025 loading class 0x0000000002171d60 done


Dynamic libraries:
0x000000013f410000 - 0x000000013f444000 	C:\Program Files\Java\jre7\bin\javaw.exe
0x0000000077b40000 - 0x0000000077cec000 	C:\Windows\SYSTEM32\ntdll.dll
0x00000000778c0000 - 0x00000000779df000 	C:\Windows\system32\kernel32.dll
0x000007fefe060000 - 0x000007fefe0cc000 	C:\Windows\system32\KERNELBASE.dll
0x000007fefe680000 - 0x000007fefe75b000 	C:\Windows\system32\ADVAPI32.dll
0x000007fefe940000 - 0x000007fefe9df000 	C:\Windows\system32\msvcrt.dll
0x000007fefec20000 - 0x000007fefec3f000 	C:\Windows\SYSTEM32\sechost.dll
0x000007fefe760000 - 0x000007fefe88e000 	C:\Windows\system32\RPCRT4.dll
0x0000000077460000 - 0x000000007755a000 	C:\Windows\system32\USER32.dll
0x000007fefec40000 - 0x000007fefeca7000 	C:\Windows\system32\GDI32.dll
0x000007fefef70000 - 0x000007fefef7e000 	C:\Windows\system32\LPK.dll
0x000007fefefd0000 - 0x000007feff09a000 	C:\Windows\system32\USP10.dll
0x000007fefcc30000 - 0x000007fefce24000 	C:\Windows\WinSxS\amd64_microsoft.windows.common-controls_6595b64144ccf1df_6.0.7600.16661_none_fa62ad231704eab7\COMCTL32.dll
0x000007fefe8c0000 - 0x000007fefe931000 	C:\Windows\system32\SHLWAPI.dll
0x000007fefe890000 - 0x000007fefe8be000 	C:\Windows\system32\IMM32.DLL
0x000007fefea90000 - 0x000007fefeb99000 	C:\Windows\system32\MSCTF.dll
0x000000006dc40000 - 0x000000006dd11000 	C:\Program Files\Java\jre7\bin\msvcr100.dll
0x000000006a040000 - 0x000000006a75f000 	C:\Program Files\Java\jre7\bin\server\jvm.dll
0x000007fef32f0000 - 0x000007fef32f9000 	C:\Windows\system32\WSOCK32.dll
0x000007fefef80000 - 0x000007fefefcd000 	C:\Windows\system32\WS2_32.dll
0x000007fefe9e0000 - 0x000007fefe9e8000 	C:\Windows\system32\NSI.dll
0x000007fef9740000 - 0x000007fef977b000 	C:\Windows\system32\WINMM.dll
0x0000000077d10000 - 0x0000000077d17000 	C:\Windows\system32\PSAPI.DLL
0x000000006c880000 - 0x000000006c88f000 	C:\Program Files\Java\jre7\bin\verify.dll
0x000000006b300000 - 0x000000006b328000 	C:\Program Files\Java\jre7\bin\java.dll
0x000000006c860000 - 0x000000006c875000 	C:\Program Files\Java\jre7\bin\zip.dll

VM Arguments:
jvm_args: -Dfile.encoding=Cp1252 
java_command: gui.MainApp
Launcher Type: SUN_STANDARD

Environment Variables:
PATH=C:\Program Files (x86)\NVIDIA Corporation\PhysX\Common;C:\Program Files\Common Files\Microsoft Shared\Windows Live;C:\Windows\system32;C:\Windows;C:\Windows\System32\Wbem;C:\Windows\System32\WindowsPowerShell\v1.0\;C:\Program Files\WIDCOMM\Bluetooth Software\;C:\Program Files\WIDCOMM\Bluetooth Software\syswow64;c:\Program Files (x86)\ATI Technologies\ATI.ACE\Core-Static;C:\Program Files (x86)\Common Files\Roxio Shared\10.0\DLLShared\;C:\Program Files\TortoiseSVN\bin;C:\Program Files\TortoiseGit\bin;C:\Program Files (x86)\Git\cmd
USERNAME=Benjamin
OS=Windows_NT
PROCESSOR_IDENTIFIER=Intel64 Family 6 Model 37 Stepping 2, GenuineIntel



---------------  S Y S T E M  ---------------

OS: Windows 7 , 64 bit Build 7600 

CPU:total 4 (2 cores per cpu, 2 threads per core) family 6 model 37 stepping 2, cmov, cx8, fxsr, mmx, sse, sse2, sse3, ssse3, sse4.1, sse4.2, popcnt, ht, tsc, tscinvbit

Memory: 4k page, physical 4044900k(892332k free), swap 16133392k(21596k free)

vm_info: Java HotSpot(TM) 64-Bit Server VM (23.2-b09) for windows-amd64 JRE (1.7.0_06-b24), built on Aug  9 2012 20:44:07 by "java_re" with unknown MS VC++:1600

time: Fri Dec 07 18:19:55 2012
elapsed time: 0 seconds

